app/build/intermediates/manifest_merge_blame_file/debug/manifest-merger-blame-debug-report.txt
1<?xml version="1.0" encoding="utf-8"?>
2<!-- TODO 01. Change the package name of the app. New package name: com.ualr.firstapp" -->
3<!-- TODO 02. Change the app name. New app name: First App -->
4<!-- TODO 03. Change the app icon. The new one might use the ic_country.svg image provided as foreground and a solid black color as background -->
5<manifest xmlns:android="http://schemas.android.com/apk/res/android"
6    package="com.ualr.myfirstapp"
7    android:versionCode="1"
8    android:versionName="1.0" >
9
10    <uses-sdk
11        android:minSdkVersion="20"
11-->src\main\AndroidManifest.xml
12        android:targetSdkVersion="29" />
12-->src\main\AndroidManifest.xml
13
14    <application
14-->src\main\AndroidManifest.xml:8:5-22:19
15        android:allowBackup="true"
15-->src\main\AndroidManifest.xml:9:9-35
16        android:appComponentFactory="androidx.core.app.CoreComponentFactory"
16-->[androidx.core:core:1.5.0] AndroidManifest.xml:24:18-86
17        android:debuggable="true"
18        android:icon="@mipmap/ic_country"
18-->src\main\AndroidManifest.xml:10:9-42
19        android:label="@string/app_name"
19-->src\main\AndroidManifest.xml:11:9-41
20        android:roundIcon="@mipmap/ic_country_round"
20-->src\main\AndroidManifest.xml:12:9-53
21        android:supportsRtl="true"
21-->src\main\AndroidManifest.xml:13:9-35
22        android:testOnly="true"
23        android:theme="@style/AppTheme" >
23-->src\main\AndroidManifest.xml:14:9-40
24        <activity android:name="com.ualr.firstapp.MainActivity" >
24-->src\main\AndroidManifest.xml:15:9-21:20
24-->src\main\AndroidManifest.xml:15:19-64
25            <intent-filter>
25-->src\main\AndroidManifest.xml:16:13-20:29
26                <action android:name="android.intent.action.MAIN" />
26-->src\main\AndroidManifest.xml:17:17-69
26-->src\main\AndroidManifest.xml:17:25-66
27
28                <category android:name="android.intent.category.LAUNCHER" />
28-->src\main\AndroidManifest.xml:19:17-77
28-->src\main\AndroidManifest.xml:19:27-74
29            </intent-filter>
30        </activity>
31    </application>
32
33</manifest>